[2025-04-02 11:25:29,046: INFO: main: Welocome to my custom log]
[2025-04-02 11:26:07,284: INFO: main: Welocome to my custom log]
[2025-04-02 11:29:28,047: INFO: main: Welocome to my custom log]
[2025-04-07 12:54:58,085: INFO: comman: yaml file: config\config.yaml loaded successfully]
[2025-04-07 12:54:58,088: INFO: comman: yaml file: params.yaml loaded successfully]
[2025-04-07 13:35:39,740: INFO: comman: yaml file: config\config.yaml loaded successfully]
[2025-04-07 13:35:39,759: INFO: comman: yaml file: params.yaml loaded successfully]
[2025-04-07 13:42:11,072: INFO: comman: yaml file: config\config.yaml loaded successfully]
[2025-04-07 13:42:11,082: INFO: comman: yaml file: params.yaml loaded successfully]
[2025-04-07 13:42:11,089: INFO: comman: created directory at: artifacts]
[2025-04-07 13:42:11,094: INFO: comman: created directory at: artifacts/data_ingestion]
[2025-04-07 13:42:11,099: INFO: 3172177572: Downloading data from https://drive.google.com/file/d/1vlhZ5c7abUKF8xXERIw6m9Te8fW7ohw3/view?usp=sharing into file artifacts/data_ingestion/data.zip]
[2025-04-07 13:42:26,734: INFO: 3172177572: Downloaded data from https://drive.google.com/file/d/1vlhZ5c7abUKF8xXERIw6m9Te8fW7ohw3/view?usp=sharing into file artifacts/data_ingestion/data.zip]
[2025-04-08 12:13:48,552: INFO: main: Welocome to my custom log]
[2025-04-08 12:43:33,195: INFO: main: >>>>>> stage Data Ingestion stage started <<<<<<]
[2025-04-08 12:43:33,212: INFO: comman: yaml file: config\config.yaml loaded successfully]
[2025-04-08 12:43:33,212: INFO: comman: yaml file: params.yaml loaded successfully]
[2025-04-08 12:43:33,212: INFO: comman: created directory at: artifacts]
[2025-04-08 12:43:33,212: INFO: comman: created directory at: artifacts/data_ingestion]
[2025-04-08 12:43:33,212: INFO: data_ingestion: Downloading data from https://drive.google.com/file/d/1vlhZ5c7abUKF8xXERIw6m9Te8fW7ohw3/view?usp=sharing into file artifacts/data_ingestion/data.zip]
[2025-04-08 12:43:45,263: INFO: data_ingestion: Downloaded data from https://drive.google.com/file/d/1vlhZ5c7abUKF8xXERIw6m9Te8fW7ohw3/view?usp=sharing into file artifacts/data_ingestion/data.zip]
[2025-04-08 12:43:45,824: INFO: main: >>>>>> stage Data Ingestion stage completed <<<<<<

x==========x]
[2025-04-09 12:19:41,315: INFO: main: >>>>>> stage Data Ingestion stage started <<<<<<]
[2025-04-09 12:19:41,328: INFO: comman: yaml file: config\config.yaml loaded successfully]
[2025-04-09 12:19:41,344: INFO: comman: yaml file: params.yaml loaded successfully]
[2025-04-09 12:19:41,348: INFO: comman: created directory at: artifacts]
[2025-04-09 12:19:41,350: INFO: comman: created directory at: artifacts/data_ingestion]
[2025-04-09 12:19:41,350: INFO: data_ingestion: Downloading data from https://drive.google.com/file/d/1vlhZ5c7abUKF8xXERIw6m9Te8fW7ohw3/view?usp=sharing into file artifacts/data_ingestion/data.zip]
[2025-04-09 12:19:52,996: INFO: data_ingestion: Downloaded data from https://drive.google.com/file/d/1vlhZ5c7abUKF8xXERIw6m9Te8fW7ohw3/view?usp=sharing into file artifacts/data_ingestion/data.zip]
[2025-04-09 12:19:53,594: INFO: main: >>>>>> stage Data Ingestion stage completed <<<<<<

x==========x]
[2025-04-09 12:19:53,594: INFO: main: *******************]
[2025-04-09 12:19:53,594: INFO: main: >>>>>> stage Prepare base model started <<<<<<]
[2025-04-09 12:19:53,594: INFO: comman: yaml file: config\config.yaml loaded successfully]
[2025-04-09 12:19:53,594: INFO: comman: yaml file: params.yaml loaded successfully]
[2025-04-09 12:19:53,594: INFO: comman: created directory at: artifacts]
[2025-04-09 12:19:53,594: INFO: comman: created directory at: artifacts/prepare_base_model]
[2025-04-09 12:19:54,013: WARNING: saving_api: You are saving your model as an HDF5 file via `model.save()` or `keras.saving.save_model(model)`. This file format is considered legacy. We recommend using instead the native Keras format, e.g. `model.save('my_model.keras')` or `keras.saving.save_model(model, 'my_model.keras')`. ]
[2025-04-09 12:19:54,168: WARNING: saving_api: You are saving your model as an HDF5 file via `model.save()` or `keras.saving.save_model(model)`. This file format is considered legacy. We recommend using instead the native Keras format, e.g. `model.save('my_model.keras')` or `keras.saving.save_model(model, 'my_model.keras')`. ]
[2025-04-09 12:19:54,272: INFO: main: >>>>>> stage Prepare base model completed <<<<<<

x==========x]
[2025-04-09 12:31:19,970: INFO: comman: yaml file: config\config.yaml loaded successfully]
[2025-04-09 12:31:19,975: INFO: comman: yaml file: params.yaml loaded successfully]
[2025-04-09 12:31:19,977: INFO: comman: created directory at: artifacts]
[2025-04-09 12:31:19,978: INFO: comman: created directory at: artifacts\training]
[2025-04-09 12:31:20,300: WARNING: saving_utils: Compiled the loaded model, but the compiled metrics have yet to be built. `model.compile_metrics` will be empty until you train or evaluate the model.]
[2025-04-09 12:32:02,979: INFO: comman: yaml file: config\config.yaml loaded successfully]
[2025-04-09 12:32:02,984: INFO: comman: yaml file: params.yaml loaded successfully]
[2025-04-09 12:32:02,985: INFO: comman: created directory at: artifacts]
[2025-04-09 12:32:02,987: INFO: comman: created directory at: artifacts\training]
[2025-04-09 12:32:03,189: WARNING: saving_utils: Compiled the loaded model, but the compiled metrics have yet to be built. `model.compile_metrics` will be empty until you train or evaluate the model.]
[2025-04-09 12:33:24,200: INFO: comman: yaml file: config\config.yaml loaded successfully]
[2025-04-09 12:33:24,202: INFO: comman: yaml file: params.yaml loaded successfully]
[2025-04-09 12:33:24,203: INFO: comman: created directory at: artifacts]
[2025-04-09 12:33:24,204: INFO: comman: created directory at: artifacts\training]
[2025-04-09 12:33:24,463: WARNING: saving_utils: Compiled the loaded model, but the compiled metrics have yet to be built. `model.compile_metrics` will be empty until you train or evaluate the model.]
[2025-04-09 12:34:07,982: INFO: comman: yaml file: config\config.yaml loaded successfully]
[2025-04-09 12:34:07,985: INFO: comman: yaml file: params.yaml loaded successfully]
[2025-04-09 12:34:07,987: INFO: comman: created directory at: artifacts]
[2025-04-09 12:34:07,987: INFO: comman: created directory at: artifacts\training]
[2025-04-09 12:34:08,149: WARNING: saving_utils: Compiled the loaded model, but the compiled metrics have yet to be built. `model.compile_metrics` will be empty until you train or evaluate the model.]
[2025-04-09 12:36:14,340: WARNING: module_wrapper: From C:\Users\Lenovo\AppData\Local\Temp\ipykernel_2228\2449110640.py:3: The name tf.enable_eager_execution is deprecated. Please use tf.compat.v1.enable_eager_execution instead.
]
[2025-04-09 12:36:20,409: INFO: comman: yaml file: config\config.yaml loaded successfully]
[2025-04-09 12:36:20,412: INFO: comman: yaml file: params.yaml loaded successfully]
[2025-04-09 12:36:20,413: INFO: comman: created directory at: artifacts]
[2025-04-09 12:36:20,414: INFO: comman: created directory at: artifacts\training]
[2025-04-09 12:36:20,588: WARNING: saving_utils: Compiled the loaded model, but the compiled metrics have yet to be built. `model.compile_metrics` will be empty until you train or evaluate the model.]
[2025-04-09 12:37:13,022: WARNING: module_wrapper: From C:\Users\Lenovo\AppData\Local\Temp\ipykernel_1992\2449110640.py:3: The name tf.enable_eager_execution is deprecated. Please use tf.compat.v1.enable_eager_execution instead.
]
[2025-04-09 12:37:13,177: INFO: comman: yaml file: config\config.yaml loaded successfully]
[2025-04-09 12:37:13,179: INFO: comman: yaml file: params.yaml loaded successfully]
[2025-04-09 12:37:13,180: INFO: comman: created directory at: artifacts]
[2025-04-09 12:37:13,181: INFO: comman: created directory at: artifacts\training]
[2025-04-09 12:37:13,456: WARNING: saving_utils: Compiled the loaded model, but the compiled metrics have yet to be built. `model.compile_metrics` will be empty until you train or evaluate the model.]
[2025-04-09 12:40:27,979: INFO: comman: yaml file: config\config.yaml loaded successfully]
[2025-04-09 12:40:27,982: INFO: comman: yaml file: params.yaml loaded successfully]
[2025-04-09 12:40:27,983: INFO: comman: created directory at: artifacts]
[2025-04-09 12:40:27,984: INFO: comman: created directory at: artifacts\training]
[2025-04-09 12:40:28,147: WARNING: saving_utils: Compiled the loaded model, but the compiled metrics have yet to be built. `model.compile_metrics` will be empty until you train or evaluate the model.]
[2025-04-09 12:42:25,275: WARNING: module_wrapper: From C:\Users\Lenovo\AppData\Local\Temp\ipykernel_15320\2449110640.py:3: The name tf.enable_eager_execution is deprecated. Please use tf.compat.v1.enable_eager_execution instead.
]
[2025-04-09 12:42:44,786: INFO: comman: yaml file: config\config.yaml loaded successfully]
[2025-04-09 12:42:44,788: INFO: comman: yaml file: params.yaml loaded successfully]
[2025-04-09 12:42:44,790: INFO: comman: created directory at: artifacts]
[2025-04-09 12:42:44,791: INFO: comman: created directory at: artifacts\training]
[2025-04-09 12:42:45,089: WARNING: saving_utils: Compiled the loaded model, but the compiled metrics have yet to be built. `model.compile_metrics` will be empty until you train or evaluate the model.]
[2025-04-09 12:57:27,935: INFO: comman: yaml file: config\config.yaml loaded successfully]
[2025-04-09 12:57:27,938: INFO: comman: yaml file: params.yaml loaded successfully]
[2025-04-09 12:57:27,939: INFO: comman: created directory at: artifacts]
[2025-04-09 12:57:27,940: INFO: comman: created directory at: artifacts\training]
[2025-04-09 12:57:28,196: WARNING: saving_utils: Compiled the loaded model, but the compiled metrics have yet to be built. `model.compile_metrics` will be empty until you train or evaluate the model.]
[2025-04-09 13:38:08,853: INFO: main: >>>>>> stage Data Ingestion stage started <<<<<<]
[2025-04-09 13:38:08,853: INFO: comman: yaml file: config\config.yaml loaded successfully]
[2025-04-09 13:38:08,869: INFO: comman: yaml file: params.yaml loaded successfully]
[2025-04-09 13:38:08,870: INFO: comman: created directory at: artifacts]
[2025-04-09 13:38:08,871: INFO: comman: created directory at: artifacts/data_ingestion]
[2025-04-09 13:38:08,872: INFO: data_ingestion: Downloading data from https://drive.google.com/file/d/1vlhZ5c7abUKF8xXERIw6m9Te8fW7ohw3/view?usp=sharing into file artifacts/data_ingestion/data.zip]
[2025-04-09 13:38:18,807: INFO: data_ingestion: Downloaded data from https://drive.google.com/file/d/1vlhZ5c7abUKF8xXERIw6m9Te8fW7ohw3/view?usp=sharing into file artifacts/data_ingestion/data.zip]
[2025-04-09 13:38:19,360: INFO: main: >>>>>> stage Data Ingestion stage completed <<<<<<

x==========x]
[2025-04-09 13:38:19,360: INFO: main: *******************]
[2025-04-09 13:38:19,360: INFO: main: >>>>>> stage Prepare base model started <<<<<<]
[2025-04-09 13:38:19,360: INFO: comman: yaml file: config\config.yaml loaded successfully]
[2025-04-09 13:38:19,360: INFO: comman: yaml file: params.yaml loaded successfully]
[2025-04-09 13:38:19,360: INFO: comman: created directory at: artifacts]
[2025-04-09 13:38:19,360: INFO: comman: created directory at: artifacts/prepare_base_model]
[2025-04-09 13:38:19,782: WARNING: saving_api: You are saving your model as an HDF5 file via `model.save()` or `keras.saving.save_model(model)`. This file format is considered legacy. We recommend using instead the native Keras format, e.g. `model.save('my_model.keras')` or `keras.saving.save_model(model, 'my_model.keras')`. ]
[2025-04-09 13:38:19,952: WARNING: saving_api: You are saving your model as an HDF5 file via `model.save()` or `keras.saving.save_model(model)`. This file format is considered legacy. We recommend using instead the native Keras format, e.g. `model.save('my_model.keras')` or `keras.saving.save_model(model, 'my_model.keras')`. ]
[2025-04-09 13:38:20,052: INFO: main: >>>>>> stage Prepare base model completed <<<<<<

x==========x]
[2025-04-09 13:39:43,560: INFO: comman: yaml file: config\config.yaml loaded successfully]
[2025-04-09 13:39:43,562: INFO: comman: yaml file: params.yaml loaded successfully]
[2025-04-09 13:39:43,564: INFO: comman: created directory at: artifacts]
[2025-04-09 13:39:43,565: INFO: comman: created directory at: artifacts\training]
[2025-04-09 13:39:43,830: WARNING: saving_utils: Compiled the loaded model, but the compiled metrics have yet to be built. `model.compile_metrics` will be empty until you train or evaluate the model.]
[2025-04-09 13:45:29,585: INFO: comman: yaml file: config\config.yaml loaded successfully]
[2025-04-09 13:45:29,588: INFO: comman: yaml file: params.yaml loaded successfully]
[2025-04-09 13:45:29,589: INFO: comman: created directory at: artifacts]
[2025-04-09 13:45:29,590: INFO: comman: created directory at: artifacts\training]
[2025-04-09 13:45:29,816: WARNING: saving_utils: Compiled the loaded model, but the compiled metrics have yet to be built. `model.compile_metrics` will be empty until you train or evaluate the model.]
[2025-04-09 13:46:57,944: INFO: comman: yaml file: config\config.yaml loaded successfully]
[2025-04-09 13:46:57,947: INFO: comman: yaml file: params.yaml loaded successfully]
[2025-04-09 13:46:57,948: INFO: comman: created directory at: artifacts]
[2025-04-09 13:46:57,949: INFO: comman: created directory at: artifacts\training]
[2025-04-09 13:46:58,125: WARNING: saving_utils: Compiled the loaded model, but the compiled metrics have yet to be built. `model.compile_metrics` will be empty until you train or evaluate the model.]
[2025-04-09 13:51:19,325: WARNING: saving_api: You are saving your model as an HDF5 file via `model.save()` or `keras.saving.save_model(model)`. This file format is considered legacy. We recommend using instead the native Keras format, e.g. `model.save('my_model.keras')` or `keras.saving.save_model(model, 'my_model.keras')`. ]
